<?xml version="1.0" encoding="utf-8"?><testsuites name="pytest tests"><testsuite name="pytest" errors="0" failures="0" skipped="0" tests="117" time="45.277" timestamp="2026-09-11T12:29:45.693824+02:00" hostname="Amines-MacBook-Pro.local"><testcase classname="tests.test_calibration" name="test_temperature_one_is_the_identity" time="0.077" /><testcase classname="tests.test_calibration" name="test_temperature_renormalises_each_race" time="0.007" /><testcase classname="tests.test_calibration" name="test_high_temperature_flattens_and_low_sharpens" time="0.007" /><testcase classname="tests.test_calibration" name="test_fit_recovers_a_flattening_temperature_for_overconfident_forecasts" time="12.619" /><testcase classname="tests.test_calibration" name="test_fit_recovers_a_sharpening_temperature_for_underconfident_forecasts" time="12.678" /><testcase classname="tests.test_calibration" name="test_fit_leaves_a_well_calibrated_forecast_alone" time="12.862" /><testcase classname="tests.test_calibration" name="test_winner_log_loss_rewards_confident_correct_forecasts" time="0.006" /><testcase classname="tests.test_calibration" name="test_log_loss_skips_races_without_exactly_one_winner" time="0.004" /><testcase classname="tests.test_calibration" name="test_reliability_bins_detect_overconfidence" time="0.071" /><testcase classname="tests.test_calibration" name="test_ece_is_near_zero_for_a_calibrated_forecast" time="0.073" /><testcase classname="tests.test_circuits" name="test_processional_circuit_scores_harder_than_chaotic_one" time="0.052" /><testcase classname="tests.test_circuits" name="test_difficulty_stays_in_the_unit_interval" time="0.049" /><testcase classname="tests.test_circuits" name="test_transfer_prefers_named_analogues_over_the_family_average" time="0.011" /><testcase classname="tests.test_circuits" name="test_transfer_falls_back_to_the_layout_family" time="0.002" /><testcase classname="tests.test_circuits" name="test_nearest_circuits_standardises_before_measuring" time="0.010" /><testcase classname="tests.test_circuits" name="test_nearest_circuits_respects_the_restriction_set" time="0.008" /><testcase classname="tests.test_circuits" name="test_monaco_race_distance_override_is_registered" time="0.001" /><testcase classname="tests.test_circuits" name="test_speed_profile_recovers_lap_length_from_lap_count" time="0.012" /><testcase classname="tests.test_circuits" name="test_build_profiles_joins_overtaking_and_attrition" time="0.039" /><testcase classname="tests.test_compatibility" name="test_identical_circuit_scores_one" time="0.008" /><testcase classname="tests.test_compatibility" name="test_similarity_is_bounded_and_positive" time="0.009" /><testcase classname="tests.test_compatibility" name="test_dissimilar_circuit_scores_lower_than_similar_one" time="0.008" /><testcase classname="tests.test_compatibility" name="test_street_bonus_favours_the_same_layout_family" time="0.015" /><testcase classname="tests.test_compatibility" name="test_larger_bandwidth_flattens_toward_the_pooled_model" time="0.015" /><testcase classname="tests.test_compatibility" name="test_observation_weights_respect_the_floor" time="0.003" /><testcase classname="tests.test_compatibility" name="test_observation_weights_pass_through_without_a_circuit_column" time="0.002" /><testcase classname="tests.test_compatibility" name="test_build_target_profile_uses_history_when_available" time="0.013" /><testcase classname="tests.test_compatibility" name="test_build_target_profile_synthesises_a_new_circuit" time="0.003" /><testcase classname="tests.test_compatibility" name="test_new_circuit_without_a_specification_is_an_error" time="0.002" /><testcase classname="tests.test_leakage" name="test_grid_is_illegal_before_qualifying" time="0.001" /><testcase classname="tests.test_leakage" name="test_race_outcomes_are_never_legal" time="0.001" /><testcase classname="tests.test_leakage" name="test_unregistered_family_fails_closed" time="0.001" /><testcase classname="tests.test_leakage" name="test_assert_stage_allowed_raises_with_detail" time="0.001" /><testcase classname="tests.test_leakage" name="test_practice_stages_are_ordered" time="0.001" /><testcase classname="tests.test_leakage" name="test_every_catalog_entry_declares_a_known_stage" time="0.001" /><testcase classname="tests.test_leakage" name="test_timestamp_guard_rejects_future_rows" time="0.016" /><testcase classname="tests.test_leakage" name="test_shifted_expanding_never_sees_current_row" time="0.008" /><testcase classname="tests.test_leakage" name="test_shifted_expanding_respects_groups" time="0.004" /><testcase classname="tests.test_leakage" name="test_shifted_expanding_window_is_bounded" time="0.004" /><testcase classname="tests.test_leakage" name="test_prediction_cutoffs_are_monotonic_and_before_the_race" time="0.003" /><testcase classname="tests.test_modules_pytest" name="test_01_curvature_circle" time="0.002" /><testcase classname="tests.test_modules_pytest" name="test_02_curvature_indices" time="0.002" /><testcase classname="tests.test_modules_pytest" name="test_03_segment_corners" time="0.005" /><testcase classname="tests.test_modules_pytest" name="test_04_braking_efficiency" time="0.000" /><testcase classname="tests.test_modules_pytest" name="test_05_traction_index" time="0.000" /><testcase classname="tests.test_modules_pytest" name="test_06_exit_amplification" time="0.000" /><testcase classname="tests.test_modules_pytest" name="test_07_straight_time_gain" time="0.000" /><testcase classname="tests.test_modules_pytest" name="test_08_aero_commitment" time="0.000" /><testcase classname="tests.test_modules_pytest" name="test_09_wind_projection" time="0.001" /><testcase classname="tests.test_modules_pytest" name="test_10_corner_metrics" time="0.004" /><testcase classname="tests.test_modules_pytest" name="test_11_track_demand_vector" time="0.002" /><testcase classname="tests.test_modules_pytest" name="test_12_shrink_mean" time="0.001" /><testcase classname="tests.test_modules_pytest" name="test_13_cosine_compatibility" time="0.001" /><testcase classname="tests.test_modules_pytest" name="test_14_nearest_tracks" time="0.003" /><testcase classname="tests.test_modules_pytest" name="test_15_teammate_adjusted_decomposition" time="0.061" /><testcase classname="tests.test_modules_pytest" name="test_16_temperature_sensitivity" time="0.018" /><testcase classname="tests.test_modules_pytest" name="test_17_wet_skill_residual" time="0.003" /><testcase classname="tests.test_modules_pytest" name="test_18_tyre_degradation_with_temp_and_missing" time="0.035" /><testcase classname="tests.test_modules_pytest" name="test_19_tyre_warmup" time="0.001" /><testcase classname="tests.test_modules_pytest" name="test_20_fuel_correction" time="0.001" /><testcase classname="tests.test_modules_pytest" name="test_21_track_evolution" time="0.009" /><testcase classname="tests.test_modules_pytest" name="test_22_practice_pace" time="0.005" /><testcase classname="tests.test_modules_pytest" name="test_23_dirty_air" time="0.005" /><testcase classname="tests.test_modules_pytest" name="test_24_overtake_model" time="0.035" /><testcase classname="tests.test_modules_pytest" name="test_25_reliability_prior_and_shift" time="0.003" /><testcase classname="tests.test_modules_pytest" name="test_26_strategy_features" time="0.000" /><testcase classname="tests.test_modules_pytest" name="test_27_backward_weather_and_resample" time="0.018" /><testcase classname="tests.test_modules_pytest" name="test_28_leakage_stage_guard" time="0.001" /><testcase classname="tests.test_modules_pytest" name="test_29_timestamp_cutoff" time="0.017" /><testcase classname="tests.test_modules_pytest" name="test_30_sources_and_simulator" time="0.020" /><testcase classname="tests.test_pace" name="test_normal_scores_are_higher_is_better_and_symmetric" time="0.004" /><testcase classname="tests.test_pace" name="test_normal_scores_propagate_missing_positions" time="0.002" /><testcase classname="tests.test_pace" name="test_qualifying_score_is_negative_gap_and_pole_is_zero" time="0.001" /><testcase classname="tests.test_pace" name="test_qualifying_and_race_scores_share_a_scale" time="0.002" /><testcase classname="tests.test_pace" name="test_recency_weights_halve_at_the_half_life" time="0.002" /><testcase classname="tests.test_pace" name="test_recency_weights_never_exceed_one_for_future_rows" time="0.001" /><testcase classname="tests.test_pace" name="test_observations_exclude_retirements" time="0.036" /><testcase classname="tests.test_pace" name="test_fit_recovers_known_team_and_driver_ordering" time="0.049" /><testcase classname="tests.test_pace" name="test_fit_uses_only_observations_before_as_of_index" time="0.061" /><testcase classname="tests.test_pace" name="test_empty_history_returns_neutral_estimate" time="0.004" /><testcase classname="tests.test_pace" name="test_rookie_gets_penalty_and_is_flagged" time="0.016" /><testcase classname="tests.test_pace" name="test_backfit_matches_joint_fit_ordering" time="0.059" /><testcase classname="tests.test_pipeline_integration" name="test_panel_indexes_races_chronologically" time="0.040" /><testcase classname="tests.test_pipeline_integration" name="test_forecast_produces_coherent_probabilities" time="0.196" /><testcase classname="tests.test_pipeline_integration" name="test_forecast_rejects_grid_before_qualifying" time="0.041" /><testcase classname="tests.test_pipeline_integration" name="test_forecast_accepts_grid_after_qualifying" time="0.144" /><testcase classname="tests.test_pipeline_integration" name="test_forecast_is_unchanged_by_corrupting_the_target_race" time="0.265" /><testcase classname="tests.test_pipeline_integration" name="test_race_entries_are_not_ordered_by_outcome" time="0.041" /><testcase classname="tests.test_pipeline_integration" name="test_evaluation_is_invariant_to_input_row_order" time="0.169" /><testcase classname="tests.test_pipeline_integration" name="test_tied_scores_do_not_leak_the_finishing_order" time="0.016" /><testcase classname="tests.test_pipeline_integration" name="test_walk_forward_runs_and_scores_every_model" time="0.561" /><testcase classname="tests.test_pipeline_integration" name="test_resolve_circuit_falls_back_for_an_unknown_venue" time="0.091" /><testcase classname="tests.test_reliability" name="test_beta_rate_shrinks_toward_the_prior" time="0.001" /><testcase classname="tests.test_reliability" name="test_beta_rate_converges_to_the_empirical_rate_with_data" time="0.001" /><testcase classname="tests.test_reliability" name="test_reliable_and_unreliable_teams_separate" time="0.025" /><testcase classname="tests.test_reliability" name="test_driver_excess_is_identified_against_the_team_mate" time="0.021" /><testcase classname="tests.test_reliability" name="test_hazard_stays_in_bounds_under_extreme_multipliers" time="0.021" /><testcase classname="tests.test_reliability" name="test_unknown_entry_falls_back_to_the_base_rate" time="0.020" /><testcase classname="tests.test_reliability" name="test_fit_ignores_races_at_or_after_the_cutoff" time="0.040" /><testcase classname="tests.test_reliability" name="test_street_circuits_are_more_attritional_than_permanent_ones" time="0.006" /><testcase classname="tests.test_reliability" name="test_circuit_multipliers_shrink_toward_one_with_little_history" time="0.012" /><testcase classname="tests.test_reliability" name="test_monaco_and_madrid_are_registered_as_street_circuits" time="0.001" /><testcase classname="tests.test_simulator" name="test_win_probabilities_sum_to_one" time="0.029" /><testcase classname="tests.test_simulator" name="test_podium_and_top10_masses_are_exact" time="0.022" /><testcase classname="tests.test_simulator" name="test_all_probabilities_are_in_the_unit_interval" time="0.023" /><testcase classname="tests.test_simulator" name="test_expected_finish_positions_average_to_the_field_centre" time="0.023" /><testcase classname="tests.test_simulator" name="test_stronger_entries_win_more_often" time="0.023" /><testcase classname="tests.test_simulator" name="test_simulated_dnf_rate_matches_the_input_hazard" time="0.080" /><testcase classname="tests.test_simulator" name="test_results_are_reproducible_under_the_same_seed" time="0.037" /><testcase classname="tests.test_simulator" name="test_different_seeds_give_different_draws" time="0.039" /><testcase classname="tests.test_simulator" name="test_overtaking_blend_is_monotonic_and_bounded" time="0.000" /><testcase classname="tests.test_simulator" name="test_hard_circuit_preserves_grid_order_more_than_easy_one" time="0.059" /><testcase classname="tests.test_simulator" name="test_known_grid_suppresses_pole_probability_column" time="0.028" /><testcase classname="tests.test_simulator" name="test_rookie_uncertainty_widens_the_finishing_distribution" time="0.028" /><testcase classname="tests.test_simulator" name="test_position_to_latent_matches_the_results_scale" time="0.003" /><testcase classname="tests.test_simulator" name="test_expected_finish_if_classified_is_tie_free_and_better_than_unconditional" time="0.030" /><testcase classname="tests.test_simulator" name="test_empty_entry_list_is_rejected" time="0.001" /></testsuite></testsuites>